<?xml version="1.0" encoding="UTF-8"?>
<!-- Generated by org.testng.reporters.JUnitXMLReporter -->
<testsuite ignored="0" hostname="LAPTOP-A5IMFISJ" failures="0" tests="2" name="ErrorValidation Test" time="101.989" errors="0" timestamp="2024-08-17T20:41:19 IST">
  <testcase classname="BraggIndia.Tests.ErrorValidation" name="ErrorMessageValidation" time="31.259"/>
  <testcase classname="BraggIndia.Tests.ErrorValidation" name="ErrorMessageValidation" time="27.7"/>
</testsuite> <!-- ErrorValidation Test -->
